<?xml version="1.0" encoding="UTF-8"?>
<!-- Generated by org.testng.reporters.JUnitXMLReporter -->
<testsuite ignored="4" hostname="sunny-PC" failures="0" tests="3" name="Test" time="56.608" errors="0" timestamp="2021-12-07T12:58:51 IST">
  <testcase classname="com.Vtiger.genericUtil.BaseClass" name="@BeforeClass launcBrowser_URL" time="41.277">
    <failure type="org.openqa.selenium.WebDriverException" message="unknown error: cannot determine loading status
from disconnected: unable to send message to renderer
  (Session info: chrome=92.0.4515.107)
Build info: version: &amp;apos;4.1.0&amp;apos;, revision: &amp;apos;87802e897b&amp;apos;
System info: host: &amp;apos;SUNNY-PC&amp;apos;, ip: &amp;apos;192.168.154.1&amp;apos;, os.name: &amp;apos;Windows 10&amp;apos;, os.arch: &amp;apos;amd64&amp;apos;, os.version: &amp;apos;10.0&amp;apos;, java.version: &amp;apos;15.0.2&amp;apos;
Driver info: org.openqa.selenium.chrome.ChromeDriver
Command: [67f06ac2d8a1eae2b9af355ce9798e7d, get {url=http://localhost:8888}]
Capabilities {acceptInsecureCerts: false, browserName: chrome, browserVersion: 92.0.4515.107, chrome: {chromedriverVersion: 92.0.4515.43 (8c61b7e2989f2..., userDataDir: C:\Users\sunny\AppData\Loca...}, goog:chromeOptions: {debuggerAddress: localhost:2223}, javascriptEnabled: true, networkConnectionEnabled: false, pageLoadStrategy: normal, platform: WINDOWS, platformName: WINDOWS, proxy: Proxy(), se:cdp: ws://localhost:2223/devtool..., se:cdpVersion: 92.0.4515.107, setWindowRect: true, strictFileInteractability: false, timeouts: {implicit: 0, pageLoad: 300000, script: 30000}, unhandledPromptBehavior: dismiss and notify, webauthn:extension:credBlob: true, webauthn:extension:largeBlob: true, webauthn:virtualAuthenticators: true}
Session ID: 67f06ac2d8a1eae2b9af355ce9798e7d">
      <![CDATA[org.openqa.selenium.WebDriverException: unknown error: cannot determine loading status
from disconnected: unable to send message to renderer
  (Session info: chrome=92.0.4515.107)
Build info: version: '4.1.0', revision: '87802e897b'
System info: host: 'SUNNY-PC', ip: '192.168.154.1', os.name: 'Windows 10', os.arch: 'amd64', os.version: '10.0', java.version: '15.0.2'
Driver info: org.openqa.selenium.chrome.ChromeDriver
Command: [67f06ac2d8a1eae2b9af355ce9798e7d, get {url=http://localhost:8888}]
Capabilities {acceptInsecureCerts: false, browserName: chrome, browserVersion: 92.0.4515.107, chrome: {chromedriverVersion: 92.0.4515.43 (8c61b7e2989f2..., userDataDir: C:\Users\sunny\AppData\Loca...}, goog:chromeOptions: {debuggerAddress: localhost:2223}, javascriptEnabled: true, networkConnectionEnabled: false, pageLoadStrategy: normal, platform: WINDOWS, platformName: WINDOWS, proxy: Proxy(), se:cdp: ws://localhost:2223/devtool..., se:cdpVersion: 92.0.4515.107, setWindowRect: true, strictFileInteractability: false, timeouts: {implicit: 0, pageLoad: 300000, script: 30000}, unhandledPromptBehavior: dismiss and notify, webauthn:extension:credBlob: true, webauthn:extension:largeBlob: true, webauthn:virtualAuthenticators: true}
Session ID: 67f06ac2d8a1eae2b9af355ce9798e7d
at org.openqa.selenium.remote.codec.w3c.W3CHttpResponseCodec.createException(W3CHttpResponseCodec.java:200)
at org.openqa.selenium.remote.codec.w3c.W3CHttpResponseCodec.decode(W3CHttpResponseCodec.java:133)
at org.openqa.selenium.remote.codec.w3c.W3CHttpResponseCodec.decode(W3CHttpResponseCodec.java:53)
at org.openqa.selenium.remote.HttpCommandExecutor.execute(HttpCommandExecutor.java:184)
at org.openqa.selenium.remote.service.DriverCommandExecutor.invokeExecute(DriverCommandExecutor.java:164)
at org.openqa.selenium.remote.service.DriverCommandExecutor.execute(DriverCommandExecutor.java:139)
at org.openqa.selenium.remote.RemoteWebDriver.execute(RemoteWebDriver.java:559)
at org.openqa.selenium.remote.RemoteWebDriver.get(RemoteWebDriver.java:328)
at com.Vtiger.genericUtil.BaseClass.launcBrowser_URL(BaseClass.java:47)
at java.base/java.util.ArrayList.forEach(ArrayList.java:1511)
... Removed 30 stack frames]]>
    </failure>
  </testcase> <!-- @BeforeClass launcBrowser_URL -->
  <testcase classname="com.Vtiger.genericUtil.BaseClass" name="@BeforeMethod loginToApp" time="-1.638862115692E9">
    <skipped/>
  </testcase> <!-- @BeforeMethod loginToApp -->
  <testcase classname="com.Vtiger.genericUtil.BaseClass" name="@AfterMethod logoutFromApp" time="-1.638862115735E9">
    <skipped/>
  </testcase> <!-- @AfterMethod logoutFromApp -->
  <testcase classname="com.Vtiger.genericUtil.BaseClass" name="@BeforeMethod loginToApp" time="-1.638862115752E9">
    <skipped/>
  </testcase> <!-- @BeforeMethod loginToApp -->
  <testcase classname="com.Vtiger.genericUtil.BaseClass" name="@AfterMethod logoutFromApp" time="-1.638862115803E9">
    <skipped/>
  </testcase> <!-- @AfterMethod logoutFromApp -->
  <testcase classname="com.Vtiger.genericUtil.BaseClass" name="@AfterClass closeBrowser" time="-1.63886211584E9">
    <skipped/>
  </testcase> <!-- @AfterClass closeBrowser -->
  <testcase classname="com.Vtiger.genericUtil.BaseClass" name="@BeforeClass launcBrowser_URL" time="14.289">
    <failure type="org.openqa.selenium.WebDriverException" message="unknown error: cannot determine loading status
from disconnected: unable to send message to renderer
  (Session info: chrome=92.0.4515.107)
Build info: version: &amp;apos;4.1.0&amp;apos;, revision: &amp;apos;87802e897b&amp;apos;
System info: host: &amp;apos;SUNNY-PC&amp;apos;, ip: &amp;apos;192.168.154.1&amp;apos;, os.name: &amp;apos;Windows 10&amp;apos;, os.arch: &amp;apos;amd64&amp;apos;, os.version: &amp;apos;10.0&amp;apos;, java.version: &amp;apos;15.0.2&amp;apos;
Driver info: org.openqa.selenium.chrome.ChromeDriver
Command: [158310aa7b26e206cf4a7949262901f0, get {url=http://localhost:8888}]
Capabilities {acceptInsecureCerts: false, browserName: chrome, browserVersion: 92.0.4515.107, chrome: {chromedriverVersion: 92.0.4515.43 (8c61b7e2989f2..., userDataDir: C:\Users\sunny\AppData\Loca...}, goog:chromeOptions: {debuggerAddress: localhost:2451}, javascriptEnabled: true, networkConnectionEnabled: false, pageLoadStrategy: normal, platform: WINDOWS, platformName: WINDOWS, proxy: Proxy(), se:cdp: ws://localhost:2451/devtool..., se:cdpVersion: 92.0.4515.107, setWindowRect: true, strictFileInteractability: false, timeouts: {implicit: 0, pageLoad: 300000, script: 30000}, unhandledPromptBehavior: dismiss and notify, webauthn:extension:credBlob: true, webauthn:extension:largeBlob: true, webauthn:virtualAuthenticators: true}
Session ID: 158310aa7b26e206cf4a7949262901f0">
      <![CDATA[org.openqa.selenium.WebDriverException: unknown error: cannot determine loading status
from disconnected: unable to send message to renderer
  (Session info: chrome=92.0.4515.107)
Build info: version: '4.1.0', revision: '87802e897b'
System info: host: 'SUNNY-PC', ip: '192.168.154.1', os.name: 'Windows 10', os.arch: 'amd64', os.version: '10.0', java.version: '15.0.2'
Driver info: org.openqa.selenium.chrome.ChromeDriver
Command: [158310aa7b26e206cf4a7949262901f0, get {url=http://localhost:8888}]
Capabilities {acceptInsecureCerts: false, browserName: chrome, browserVersion: 92.0.4515.107, chrome: {chromedriverVersion: 92.0.4515.43 (8c61b7e2989f2..., userDataDir: C:\Users\sunny\AppData\Loca...}, goog:chromeOptions: {debuggerAddress: localhost:2451}, javascriptEnabled: true, networkConnectionEnabled: false, pageLoadStrategy: normal, platform: WINDOWS, platformName: WINDOWS, proxy: Proxy(), se:cdp: ws://localhost:2451/devtool..., se:cdpVersion: 92.0.4515.107, setWindowRect: true, strictFileInteractability: false, timeouts: {implicit: 0, pageLoad: 300000, script: 30000}, unhandledPromptBehavior: dismiss and notify, webauthn:extension:credBlob: true, webauthn:extension:largeBlob: true, webauthn:virtualAuthenticators: true}
Session ID: 158310aa7b26e206cf4a7949262901f0
at org.openqa.selenium.remote.codec.w3c.W3CHttpResponseCodec.createException(W3CHttpResponseCodec.java:200)
at org.openqa.selenium.remote.codec.w3c.W3CHttpResponseCodec.decode(W3CHttpResponseCodec.java:133)
at org.openqa.selenium.remote.codec.w3c.W3CHttpResponseCodec.decode(W3CHttpResponseCodec.java:53)
at org.openqa.selenium.remote.HttpCommandExecutor.execute(HttpCommandExecutor.java:184)
at org.openqa.selenium.remote.service.DriverCommandExecutor.invokeExecute(DriverCommandExecutor.java:164)
at org.openqa.selenium.remote.service.DriverCommandExecutor.execute(DriverCommandExecutor.java:139)
at org.openqa.selenium.remote.RemoteWebDriver.execute(RemoteWebDriver.java:559)
at org.openqa.selenium.remote.RemoteWebDriver.get(RemoteWebDriver.java:328)
at com.Vtiger.genericUtil.BaseClass.launcBrowser_URL(BaseClass.java:47)
at java.base/java.util.ArrayList.forEach(ArrayList.java:1511)
... Removed 30 stack frames]]>
    </failure>
  </testcase> <!-- @BeforeClass launcBrowser_URL -->
  <testcase classname="com.Vtiger.genericUtil.BaseClass" name="@BeforeMethod loginToApp" time="-1.638862130345E9">
    <skipped/>
  </testcase> <!-- @BeforeMethod loginToApp -->
  <testcase classname="com.Vtiger.genericUtil.BaseClass" name="@AfterMethod logoutFromApp" time="-1.638862130468E9">
    <skipped/>
  </testcase> <!-- @AfterMethod logoutFromApp -->
  <testcase classname="com.Vtiger.genericUtil.BaseClass" name="@AfterClass closeBrowser" time="-1.638862130571E9">
    <skipped/>
  </testcase> <!-- @AfterClass closeBrowser -->
  <testcase classname="com.Vtiger.TC.TC001_CreateOrganisationTest" name="OrgnameWithNum" time="0.0">
    <skipped/>
  </testcase> <!-- OrgnameWithNum -->
  <testcase classname="com.Vtiger.TC.TC001_CreateOrganisationTest" name="createOrg" time="0.0">
    <skipped/>
  </testcase> <!-- createOrg -->
  <testcase classname="com.Vtiger.TC.TC003_CreateContactWithOrganisationTest" name="createContactOnly" time="0.0">
    <skipped/>
  </testcase> <!-- createContactOnly -->
  <testcase classname="com.Vtiger.genericUtil.BaseClass" name="@BeforeSuite setUp" time="0.0">
    <ignored/>
  </testcase> <!-- @BeforeSuite setUp -->
  <testcase classname="com.Vtiger.genericUtil.BaseClass" name="@AfterSuite disconnectFromDB" time="0.0">
    <ignored/>
  </testcase> <!-- @AfterSuite disconnectFromDB -->
  <testcase classname="com.Vtiger.TC.TC002_CreateOrganisationDDTest" name="createOrgWithDD" time="0.0">
    <ignored/>
  </testcase> <!-- createOrgWithDD -->
  <testcase classname="com.Vtiger.TC.TC003_CreateContactWithOrganisationTest" name="CreateOrgWithCntact" time="0.0">
    <ignored/>
  </testcase> <!-- CreateOrgWithCntact -->
</testsuite> <!-- Test -->
