<?xml version="1.0" encoding="UTF-8"?>
<!-- Generated by org.testng.reporters.JUnitXMLReporter -->
<testsuite ignored="0" hostname="sunny-PC" failures="1" tests="2" name="Test2" time="410.297" errors="0" timestamp="2021-12-08T12:04:28 IST">
  <testcase classname="com.Vtiger.TC.TC003_CreateContactWithOrganisationTest" name="CreateOrgWithCntact" time="231.969"/>
  <testcase classname="com.Vtiger.TC.TC003_CreateContactWithOrganisationTest" name="createContactOnly" time="75.987">
    <failure type="java.lang.AssertionError" message="expected [SDET3] but found [Harrison57]">
      <![CDATA[java.lang.AssertionError: expected [SDET3] but found [Harrison57]
at com.Vtiger.TC.TC003_CreateContactWithOrganisationTest.createContactOnly(TC003_CreateContactWithOrganisationTest.java:86)
at java.base/java.util.concurrent.ThreadPoolExecutor.runWorker(ThreadPoolExecutor.java:1130)
at java.base/java.util.concurrent.ThreadPoolExecutor$Worker.run(ThreadPoolExecutor.java:630)
at java.base/java.lang.Thread.run(Thread.java:832)
... Removed 18 stack frames]]>
    </failure>
  </testcase> <!-- createContactOnly -->
</testsuite> <!-- Test2 -->
